<?xml version="1.0" encoding="UTF-8"?>
<testsuite xmlns:xsi="http://www.w3.org/2001/XMLSchema-instance" xsi:noNamespaceSchemaLocation="https://maven.apache.org/surefire/maven-surefire-plugin/xsd/surefire-test-report.xsd" version="3.0.2" name="io.echelon.governance.BudgetManagerTest" time="0.636" tests="4" errors="4" skipped="0" failures="0">
  <properties>
[...]
</properties>
  <testcase name="deductReturnsFalseWhenExceedsTaskCap" classname="io.echelon.governance.BudgetManagerTest" time="0.467">
    <error message="&#10;Mockito cannot mock this class: class org.springframework.data.redis.core.RedisTemplate.&#10;&#10;If you&apos;re not sure why you&apos;re getting this error, please open an issue on GitHub.&#10;&#10;&#10;Java               : 25&#10;JVM vendor name    : Azul Systems, Inc.&#10;JVM vendor version : 25+36-LTS&#10;JVM name           : OpenJDK 64-Bit Server VM&#10;JVM version        : 25+36-LTS&#10;JVM info           : mixed mode, sharing&#10;OS name            : Mac OS X&#10;OS version         : 26.5.2&#10;&#10;&#10;You are seeing this disclaimer because Mockito is configured to create inlined mocks.&#10;You can learn about inline mocks and their limitations under item #39 of the Mockito class javadoc.&#10;&#10;Underlying exception : org.mockito.exceptions.base.MockitoException: Could not modify all classes [interface org.springframework.data.redis.core.RedisOperations, interface org.springframework.beans.factory.InitializingBean, interface org.springframework.beans.factory.BeanClassLoaderAware, class org.springframework.data.redis.core.RedisAccessor, class java.lang.Object, class org.springframework.data.redis.core.RedisTemplate, interface org.springframework.beans.factory.Aware]" type="org.mockito.exceptions.base.MockitoException"><![CDATA[org.mockito.exceptions.base.MockitoException: 

Mockito cannot mock this class: class org.springframework.data.redis.core.RedisTemplate.

If you're not sure why you're getting this error, please open an issue on GitHub.


Java               : 25
JVM vendor name    : Azul Systems, Inc.
JVM vendor version : 25+36-LTS
JVM name           : OpenJDK 64-Bit Server VM
JVM version        : 25+36-LTS
JVM info           : mixed mode, sharing
OS name            : Mac OS X
OS version         : 26.5.2


You are seeing this disclaimer because Mockito is configured to create inlined mocks.
You can learn about inline mocks and their limitations under item #39 of the Mockito class javadoc.

Underlying exception : org.mockito.exceptions.base.MockitoException: Could not modify all classes [interface org.springframework.data.redis.core.RedisOperations, interface org.springframework.beans.factory.InitializingBean, interface org.springframework.beans.factory.BeanClassLoaderAware, class org.springframework.data.redis.core.RedisAccessor, class java.lang.Object, class org.springframework.data.redis.core.RedisTemplate, interface org.springframework.beans.factory.Aware]
	at io.echelon.governance.BudgetManagerTest.deductReturnsFalseWhenExceedsTaskCap(BudgetManagerTest.java:27)
	at java.base/java.lang.reflect.Method.invoke(Method.java:565)
	at java.base/java.util.ArrayList.forEach(ArrayList.java:1604)
	at java.base/java.util.ArrayList.forEach(ArrayList.java:1604)
Caused by: org.mockito.exceptions.base.MockitoException: Could not modify all classes [interface org.springframework.data.redis.core.RedisOperations, interface org.springframework.beans.factory.InitializingBean, interface org.springframework.beans.factory.BeanClassLoaderAware, class org.springframework.data.redis.core.RedisAccessor, class java.lang.Object, class org.springframework.data.redis.core.RedisTemplate, interface org.springframework.beans.factory.Aware]
	at net.bytebuddy.TypeCache.findOrInsert(TypeCache.java:168)
	at net.bytebuddy.TypeCache$WithInlineExpunction.findOrInsert(TypeCache.java:399)
	at net.bytebuddy.TypeCache.findOrInsert(TypeCache.java:190)
	at net.bytebuddy.TypeCache$WithInlineExpunction.findOrInsert(TypeCache.java:410)
	... 4 more
Caused by: java.lang.IllegalStateException: 
Byte Buddy could not instrument all classes within the mock's type hierarchy

This problem should never occur for javac-compiled classes. This problem has been observed for classes that are:
 - Compiled by older versions of scalac
 - Classes that are part of the Android distribution
	at org.mockito.internal.creation.bytebuddy.InlineBytecodeGenerator.triggerRetransformation(InlineBytecodeGenerator.java:285)
	at org.mockito.internal.creation.bytebuddy.InlineBytecodeGenerator.mockClass(InlineBytecodeGenerator.java:218)
	at org.mockito.internal.creation.bytebuddy.TypeCachingBytecodeGenerator.lambda$mockClass$0(TypeCachingBytecodeGenerator.java:78)
	at net.bytebuddy.TypeCache.findOrInsert(TypeCache.java:168)
	at net.bytebuddy.TypeCache$WithInlineExpunction.findOrInsert(TypeCache.java:399)
	at net.bytebuddy.TypeCache.findOrInsert(TypeCache.java:190)
	at net.bytebuddy.TypeCache$WithInlineExpunction.findOrInsert(TypeCache.java:410)
	at org.mockito.internal.creation.bytebuddy.TypeCachingBytecodeGenerator.mockClass(TypeCachingBytecodeGenerator.java:75)
	at org.mockito.internal.creation.bytebuddy.InlineDelegateByteBuddyMockMaker.createMockType(InlineDelegateByteBuddyMockMaker.java:408)
	at org.mockito.internal.creation.bytebuddy.InlineDelegateByteBuddyMockMaker.doCreateMock(InlineDelegateByteBuddyMockMaker.java:367)
	at org.mockito.internal.creation.bytebuddy.InlineDelegateByteBuddyMockMaker.createMock(InlineDelegateByteBuddyMockMaker.java:346)
	at org.mockito.internal.creation.bytebuddy.InlineByteBuddyMockMaker.createMock(InlineByteBuddyMockMaker.java:56)
	at org.mockito.internal.util.MockUtil.createMock(MockUtil.java:99)
	at org.mockito.internal.MockitoCore.mock(MockitoCore.java:84)
	at org.mockito.Mockito.mock(Mockito.java:2162)
	at org.mockito.Mockito.mock(Mockito.java:2077)
	... 4 more
Caused by: java.lang.IllegalArgumentException: Java 25 (69) is not supported by the current version of Byte Buddy which officially supports Java 24 (68) - update Byte Buddy or set net.bytebuddy.experimental as a VM property
	at net.bytebuddy.utility.OpenedClassReader.of(OpenedClassReader.java:120)
	at net.bytebuddy.utility.OpenedClassReader.of(OpenedClassReader.java:95)
	at net.bytebuddy.utility.AsmClassReader$Factory$Default.make(AsmClassReader.java:82)
	at net.bytebuddy.dynamic.scaffold.TypeWriter$Default$ForInlining.create(TypeWriter.java:4031)
	at net.bytebuddy.dynamic.scaffold.TypeWriter$Default.make(TypeWriter.java:2246)
	at net.bytebuddy.dynamic.DynamicType$Builder$AbstractBase$UsingTypeWriter.make(DynamicType.java:4085)
	at net.bytebuddy.dynamic.DynamicType$Builder$AbstractBase.make(DynamicType.java:3769)
	at org.mockito.internal.creation.bytebuddy.InlineBytecodeGenerator.transform(InlineBytecodeGenerator.java:402)
	at java.instrument/java.lang.instrument.ClassFileTransformer.transform(ClassFileTransformer.java:257)
	at java.instrument/sun.instrument.TransformerManager.transform(TransformerManager.java:188)
	at java.instrument/sun.instrument.InstrumentationImpl.transform(InstrumentationImpl.java:594)
	at java.instrument/sun.instrument.InstrumentationImpl.retransformClasses0(Native Method)
	at java.instrument/sun.instrument.InstrumentationImpl.retransformClasses(InstrumentationImpl.java:221)
	at org.mockito.internal.creation.bytebuddy.InlineBytecodeGenerator.triggerRetransformation(InlineBytecodeGenerator.java:281)
	... 19 more
]]></error>
    <system-err><![CDATA[Mockito is currently self-attaching to enable the inline-mock-maker. This will no longer work in future releases of the JDK. Please add Mockito as an agent to your build what is described in Mockito's documentation: https://javadoc.io/doc/org.mockito/mockito-core/latest/org/mockito/Mockito.html#0.3
WARNING: A Java agent has been loaded dynamically (/Users/rath/.m2/repository/net/bytebuddy/byte-buddy-agent/1.15.11/byte-buddy-agent-1.15.11.jar)
WARNING: If a serviceability tool is in use, please run with -XX:+EnableDynamicAgentLoading to hide this warning
WARNING: If a serviceability tool is not in use, please run with -Djdk.instrument.traceUsage for more information
WARNING: Dynamic loading of agents will be disallowed by default in a future release
]]></system-err>
  </testcase>
  <testcase name="deductReturnsTrueWhenWithinCap" classname="io.echelon.governance.BudgetManagerTest" time="0.052">
    <error message="&#10;Mockito cannot mock this class: class org.springframework.data.redis.core.RedisTemplate.&#10;&#10;If you&apos;re not sure why you&apos;re getting this error, please open an issue on GitHub.&#10;&#10;&#10;Java               : 25&#10;JVM vendor name    : Azul Systems, Inc.&#10;JVM vendor version : 25+36-LTS&#10;JVM name           : OpenJDK 64-Bit Server VM&#10;JVM version        : 25+36-LTS&#10;JVM info           : mixed mode, sharing&#10;OS name            : Mac OS X&#10;OS version         : 26.5.2&#10;&#10;&#10;You are seeing this disclaimer because Mockito is configured to create inlined mocks.&#10;You can learn about inline mocks and their limitations under item #39 of the Mockito class javadoc.&#10;&#10;Underlying exception : org.mockito.exceptions.base.MockitoException: Could not modify all classes [interface org.springframework.data.redis.core.RedisOperations, interface org.springframework.beans.factory.InitializingBean, interface org.springframework.beans.factory.BeanClassLoaderAware, class org.springframework.data.redis.core.RedisAccessor, class java.lang.Object, class org.springframework.data.redis.core.RedisTemplate, interface org.springframework.beans.factory.Aware]" type="org.mockito.exceptions.base.MockitoException"><![CDATA[org.mockito.exceptions.base.MockitoException: 

Mockito cannot mock this class: class org.springframework.data.redis.core.RedisTemplate.

If you're not sure why you're getting this error, please open an issue on GitHub.


Java               : 25
JVM vendor name    : Azul Systems, Inc.
JVM vendor version : 25+36-LTS
JVM name           : OpenJDK 64-Bit Server VM
JVM version        : 25+36-LTS
JVM info           : mixed mode, sharing
OS name            : Mac OS X
OS version         : 26.5.2


You are seeing this disclaimer because Mockito is configured to create inlined mocks.
You can learn about inline mocks and their limitations under item #39 of the Mockito class javadoc.

Underlying exception : org.mockito.exceptions.base.MockitoException: Could not modify all classes [interface org.springframework.data.redis.core.RedisOperations, interface org.springframework.beans.factory.InitializingBean, interface org.springframework.beans.factory.BeanClassLoaderAware, class org.springframework.data.redis.core.RedisAccessor, class java.lang.Object, class org.springframework.data.redis.core.RedisTemplate, interface org.springframework.beans.factory.Aware]
	at io.echelon.governance.BudgetManagerTest.deductReturnsTrueWhenWithinCap(BudgetManagerTest.java:15)
	at java.base/java.lang.reflect.Method.invoke(Method.java:565)
	at java.base/java.util.ArrayList.forEach(ArrayList.java:1604)
	at java.base/java.util.ArrayList.forEach(ArrayList.java:1604)
Caused by: org.mockito.exceptions.base.MockitoException: Could not modify all classes [interface org.springframework.data.redis.core.RedisOperations, interface org.springframework.beans.factory.InitializingBean, interface org.springframework.beans.factory.BeanClassLoaderAware, class org.springframework.data.redis.core.RedisAccessor, class java.lang.Object, class org.springframework.data.redis.core.RedisTemplate, interface org.springframework.beans.factory.Aware]
	at net.bytebuddy.TypeCache.findOrInsert(TypeCache.java:168)
	at net.bytebuddy.TypeCache$WithInlineExpunction.findOrInsert(TypeCache.java:399)
	at net.bytebuddy.TypeCache.findOrInsert(TypeCache.java:190)
	at net.bytebuddy.TypeCache$WithInlineExpunction.findOrInsert(TypeCache.java:410)
	... 4 more
Caused by: java.lang.IllegalStateException: 
Byte Buddy could not instrument all classes within the mock's type hierarchy

This problem should never occur for javac-compiled classes. This problem has been observed for classes that are:
 - Compiled by older versions of scalac
 - Classes that are part of the Android distribution
	at org.mockito.internal.creation.bytebuddy.InlineBytecodeGenerator.triggerRetransformation(InlineBytecodeGenerator.java:285)
	at org.mockito.internal.creation.bytebuddy.InlineBytecodeGenerator.mockClass(InlineBytecodeGenerator.java:218)
	at org.mockito.internal.creation.bytebuddy.TypeCachingBytecodeGenerator.lambda$mockClass$0(TypeCachingBytecodeGenerator.java:78)
	at net.bytebuddy.TypeCache.findOrInsert(TypeCache.java:168)
	at net.bytebuddy.TypeCache$WithInlineExpunction.findOrInsert(TypeCache.java:399)
	at net.bytebuddy.TypeCache.findOrInsert(TypeCache.java:190)
	at net.bytebuddy.TypeCache$WithInlineExpunction.findOrInsert(TypeCache.java:410)
	at org.mockito.internal.creation.bytebuddy.TypeCachingBytecodeGenerator.mockClass(TypeCachingBytecodeGenerator.java:75)
	at org.mockito.internal.creation.bytebuddy.InlineDelegateByteBuddyMockMaker.createMockType(InlineDelegateByteBuddyMockMaker.java:408)
	at org.mockito.internal.creation.bytebuddy.InlineDelegateByteBuddyMockMaker.doCreateMock(InlineDelegateByteBuddyMockMaker.java:367)
	at org.mockito.internal.creation.bytebuddy.InlineDelegateByteBuddyMockMaker.createMock(InlineDelegateByteBuddyMockMaker.java:346)
	at org.mockito.internal.creation.bytebuddy.InlineByteBuddyMockMaker.createMock(InlineByteBuddyMockMaker.java:56)
	at org.mockito.internal.util.MockUtil.createMock(MockUtil.java:99)
	at org.mockito.internal.MockitoCore.mock(MockitoCore.java:84)
	at org.mockito.Mockito.mock(Mockito.java:2162)
	at org.mockito.Mockito.mock(Mockito.java:2077)
	... 4 more
Caused by: java.lang.IllegalArgumentException: Java 25 (69) is not supported by the current version of Byte Buddy which officially supports Java 24 (68) - update Byte Buddy or set net.bytebuddy.experimental as a VM property
	at net.bytebuddy.utility.OpenedClassReader.of(OpenedClassReader.java:120)
	at net.bytebuddy.utility.OpenedClassReader.of(OpenedClassReader.java:95)
	at net.bytebuddy.utility.AsmClassReader$Factory$Default.make(AsmClassReader.java:82)
	at net.bytebuddy.dynamic.scaffold.TypeWriter$Default$ForInlining.create(TypeWriter.java:4031)
	at net.bytebuddy.dynamic.scaffold.TypeWriter$Default.make(TypeWriter.java:2246)
	at net.bytebuddy.dynamic.DynamicType$Builder$AbstractBase$UsingTypeWriter.make(DynamicType.java:4085)
	at net.bytebuddy.dynamic.DynamicType$Builder$AbstractBase.make(DynamicType.java:3769)
	at org.mockito.internal.creation.bytebuddy.InlineBytecodeGenerator.transform(InlineBytecodeGenerator.java:402)
	at java.instrument/java.lang.instrument.ClassFileTransformer.transform(ClassFileTransformer.java:257)
	at java.instrument/sun.instrument.TransformerManager.transform(TransformerManager.java:188)
	at java.instrument/sun.instrument.InstrumentationImpl.transform(InstrumentationImpl.java:594)
	at java.instrument/sun.instrument.InstrumentationImpl.retransformClasses0(Native Method)
	at java.instrument/sun.instrument.InstrumentationImpl.retransformClasses(InstrumentationImpl.java:221)
	at org.mockito.internal.creation.bytebuddy.InlineBytecodeGenerator.triggerRetransformation(InlineBytecodeGenerator.java:281)
	... 19 more
]]></error>
  </testcase>
  <testcase name="remainingReturnsRemainingTokens" classname="io.echelon.governance.BudgetManagerTest" time="0.05">
    <error message="&#10;Mockito cannot mock this class: class org.springframework.data.redis.core.RedisTemplate.&#10;&#10;If you&apos;re not sure why you&apos;re getting this error, please open an issue on GitHub.&#10;&#10;&#10;Java               : 25&#10;JVM vendor name    : Azul Systems, Inc.&#10;JVM vendor version : 25+36-LTS&#10;JVM name           : OpenJDK 64-Bit Server VM&#10;JVM version        : 25+36-LTS&#10;JVM info           : mixed mode, sharing&#10;OS name            : Mac OS X&#10;OS version         : 26.5.2&#10;&#10;&#10;You are seeing this disclaimer because Mockito is configured to create inlined mocks.&#10;You can learn about inline mocks and their limitations under item #39 of the Mockito class javadoc.&#10;&#10;Underlying exception : org.mockito.exceptions.base.MockitoException: Could not modify all classes [interface org.springframework.data.redis.core.RedisOperations, interface org.springframework.beans.factory.InitializingBean, interface org.springframework.beans.factory.BeanClassLoaderAware, class org.springframework.data.redis.core.RedisAccessor, class java.lang.Object, class org.springframework.data.redis.core.RedisTemplate, interface org.springframework.beans.factory.Aware]" type="org.mockito.exceptions.base.MockitoException"><![CDATA[org.mockito.exceptions.base.MockitoException: 

Mockito cannot mock this class: class org.springframework.data.redis.core.RedisTemplate.

If you're not sure why you're getting this error, please open an issue on GitHub.


Java               : 25
JVM vendor name    : Azul Systems, Inc.
JVM vendor version : 25+36-LTS
JVM name           : OpenJDK 64-Bit Server VM
JVM version        : 25+36-LTS
JVM info           : mixed mode, sharing
OS name            : Mac OS X
OS version         : 26.5.2


You are seeing this disclaimer because Mockito is configured to create inlined mocks.
You can learn about inline mocks and their limitations under item #39 of the Mockito class javadoc.

Underlying exception : org.mockito.exceptions.base.MockitoException: Could not modify all classes [interface org.springframework.data.redis.core.RedisOperations, interface org.springframework.beans.factory.InitializingBean, interface org.springframework.beans.factory.BeanClassLoaderAware, class org.springframework.data.redis.core.RedisAccessor, class java.lang.Object, class org.springframework.data.redis.core.RedisTemplate, interface org.springframework.beans.factory.Aware]
	at io.echelon.governance.BudgetManagerTest.remainingReturnsRemainingTokens(BudgetManagerTest.java:51)
	at java.base/java.lang.reflect.Method.invoke(Method.java:565)
	at java.base/java.util.ArrayList.forEach(ArrayList.java:1604)
	at java.base/java.util.ArrayList.forEach(ArrayList.java:1604)
Caused by: org.mockito.exceptions.base.MockitoException: Could not modify all classes [interface org.springframework.data.redis.core.RedisOperations, interface org.springframework.beans.factory.InitializingBean, interface org.springframework.beans.factory.BeanClassLoaderAware, class org.springframework.data.redis.core.RedisAccessor, class java.lang.Object, class org.springframework.data.redis.core.RedisTemplate, interface org.springframework.beans.factory.Aware]
	at net.bytebuddy.TypeCache.findOrInsert(TypeCache.java:168)
	at net.bytebuddy.TypeCache$WithInlineExpunction.findOrInsert(TypeCache.java:399)
	at net.bytebuddy.TypeCache.findOrInsert(TypeCache.java:190)
	at net.bytebuddy.TypeCache$WithInlineExpunction.findOrInsert(TypeCache.java:410)
	... 4 more
Caused by: java.lang.IllegalStateException: 
Byte Buddy could not instrument all classes within the mock's type hierarchy

This problem should never occur for javac-compiled classes. This problem has been observed for classes that are:
 - Compiled by older versions of scalac
 - Classes that are part of the Android distribution
	at org.mockito.internal.creation.bytebuddy.InlineBytecodeGenerator.triggerRetransformation(InlineBytecodeGenerator.java:285)
	at org.mockito.internal.creation.bytebuddy.InlineBytecodeGenerator.mockClass(InlineBytecodeGenerator.java:218)
	at org.mockito.internal.creation.bytebuddy.TypeCachingBytecodeGenerator.lambda$mockClass$0(TypeCachingBytecodeGenerator.java:78)
	at net.bytebuddy.TypeCache.findOrInsert(TypeCache.java:168)
	at net.bytebuddy.TypeCache$WithInlineExpunction.findOrInsert(TypeCache.java:399)
	at net.bytebuddy.TypeCache.findOrInsert(TypeCache.java:190)
	at net.bytebuddy.TypeCache$WithInlineExpunction.findOrInsert(TypeCache.java:410)
	at org.mockito.internal.creation.bytebuddy.TypeCachingBytecodeGenerator.mockClass(TypeCachingBytecodeGenerator.java:75)
	at org.mockito.internal.creation.bytebuddy.InlineDelegateByteBuddyMockMaker.createMockType(InlineDelegateByteBuddyMockMaker.java:408)
	at org.mockito.internal.creation.bytebuddy.InlineDelegateByteBuddyMockMaker.doCreateMock(InlineDelegateByteBuddyMockMaker.java:367)
	at org.mockito.internal.creation.bytebuddy.InlineDelegateByteBuddyMockMaker.createMock(InlineDelegateByteBuddyMockMaker.java:346)
	at org.mockito.internal.creation.bytebuddy.InlineByteBuddyMockMaker.createMock(InlineByteBuddyMockMaker.java:56)
	at org.mockito.internal.util.MockUtil.createMock(MockUtil.java:99)
	at org.mockito.internal.MockitoCore.mock(MockitoCore.java:84)
	at org.mockito.Mockito.mock(Mockito.java:2162)
	at org.mockito.Mockito.mock(Mockito.java:2077)
	... 4 more
Caused by: java.lang.IllegalArgumentException: Java 25 (69) is not supported by the current version of Byte Buddy which officially supports Java 24 (68) - update Byte Buddy or set net.bytebuddy.experimental as a VM property
	at net.bytebuddy.utility.OpenedClassReader.of(OpenedClassReader.java:120)
	at net.bytebuddy.utility.OpenedClassReader.of(OpenedClassReader.java:95)
	at net.bytebuddy.utility.AsmClassReader$Factory$Default.make(AsmClassReader.java:82)
	at net.bytebuddy.dynamic.scaffold.TypeWriter$Default$ForInlining.create(TypeWriter.java:4031)
	at net.bytebuddy.dynamic.scaffold.TypeWriter$Default.make(TypeWriter.java:2246)
	at net.bytebuddy.dynamic.DynamicType$Builder$AbstractBase$UsingTypeWriter.make(DynamicType.java:4085)
	at net.bytebuddy.dynamic.DynamicType$Builder$AbstractBase.make(DynamicType.java:3769)
	at org.mockito.internal.creation.bytebuddy.InlineBytecodeGenerator.transform(InlineBytecodeGenerator.java:402)
	at java.instrument/java.lang.instrument.ClassFileTransformer.transform(ClassFileTransformer.java:257)
	at java.instrument/sun.instrument.TransformerManager.transform(TransformerManager.java:188)
	at java.instrument/sun.instrument.InstrumentationImpl.transform(InstrumentationImpl.java:594)
	at java.instrument/sun.instrument.InstrumentationImpl.retransformClasses0(Native Method)
	at java.instrument/sun.instrument.InstrumentationImpl.retransformClasses(InstrumentationImpl.java:221)
	at org.mockito.internal.creation.bytebuddy.InlineBytecodeGenerator.triggerRetransformation(InlineBytecodeGenerator.java:281)
	... 19 more
]]></error>
  </testcase>
  <testcase name="deductReturnsFalseWhenExceedsAgentMonthlyCap" classname="io.echelon.governance.BudgetManagerTest" time="0.05">
    <error message="&#10;Mockito cannot mock this class: class org.springframework.data.redis.core.RedisTemplate.&#10;&#10;If you&apos;re not sure why you&apos;re getting this error, please open an issue on GitHub.&#10;&#10;&#10;Java               : 25&#10;JVM vendor name    : Azul Systems, Inc.&#10;JVM vendor version : 25+36-LTS&#10;JVM name           : OpenJDK 64-Bit Server VM&#10;JVM version        : 25+36-LTS&#10;JVM info           : mixed mode, sharing&#10;OS name            : Mac OS X&#10;OS version         : 26.5.2&#10;&#10;&#10;You are seeing this disclaimer because Mockito is configured to create inlined mocks.&#10;You can learn about inline mocks and their limitations under item #39 of the Mockito class javadoc.&#10;&#10;Underlying exception : org.mockito.exceptions.base.MockitoException: Could not modify all classes [interface org.springframework.data.redis.core.RedisOperations, interface org.springframework.beans.factory.InitializingBean, interface org.springframework.beans.factory.BeanClassLoaderAware, class org.springframework.data.redis.core.RedisAccessor, class java.lang.Object, class org.springframework.data.redis.core.RedisTemplate, interface org.springframework.beans.factory.Aware]" type="org.mockito.exceptions.base.MockitoException"><![CDATA[org.mockito.exceptions.base.MockitoException: 

Mockito cannot mock this class: class org.springframework.data.redis.core.RedisTemplate.

If you're not sure why you're getting this error, please open an issue on GitHub.


Java               : 25
JVM vendor name    : Azul Systems, Inc.
JVM vendor version : 25+36-LTS
JVM name           : OpenJDK 64-Bit Server VM
JVM version        : 25+36-LTS
JVM info           : mixed mode, sharing
OS name            : Mac OS X
OS version         : 26.5.2


You are seeing this disclaimer because Mockito is configured to create inlined mocks.
You can learn about inline mocks and their limitations under item #39 of the Mockito class javadoc.

Underlying exception : org.mockito.exceptions.base.MockitoException: Could not modify all classes [interface org.springframework.data.redis.core.RedisOperations, interface org.springframework.beans.factory.InitializingBean, interface org.springframework.beans.factory.BeanClassLoaderAware, class org.springframework.data.redis.core.RedisAccessor, class java.lang.Object, class org.springframework.data.redis.core.RedisTemplate, interface org.springframework.beans.factory.Aware]
	at io.echelon.governance.BudgetManagerTest.deductReturnsFalseWhenExceedsAgentMonthlyCap(BudgetManagerTest.java:39)
	at java.base/java.lang.reflect.Method.invoke(Method.java:565)
	at java.base/java.util.ArrayList.forEach(ArrayList.java:1604)
	at java.base/java.util.ArrayList.forEach(ArrayList.java:1604)
Caused by: org.mockito.exceptions.base.MockitoException: Could not modify all classes [interface org.springframework.data.redis.core.RedisOperations, interface org.springframework.beans.factory.InitializingBean, interface org.springframework.beans.factory.BeanClassLoaderAware, class org.springframework.data.redis.core.RedisAccessor, class java.lang.Object, class org.springframework.data.redis.core.RedisTemplate, interface org.springframework.beans.factory.Aware]
	at net.bytebuddy.TypeCache.findOrInsert(TypeCache.java:168)
	at net.bytebuddy.TypeCache$WithInlineExpunction.findOrInsert(TypeCache.java:399)
	at net.bytebuddy.TypeCache.findOrInsert(TypeCache.java:190)
	at net.bytebuddy.TypeCache$WithInlineExpunction.findOrInsert(TypeCache.java:410)
	... 4 more
Caused by: java.lang.IllegalStateException: 
Byte Buddy could not instrument all classes within the mock's type hierarchy

This problem should never occur for javac-compiled classes. This problem has been observed for classes that are:
 - Compiled by older versions of scalac
 - Classes that are part of the Android distribution
	at org.mockito.internal.creation.bytebuddy.InlineBytecodeGenerator.triggerRetransformation(InlineBytecodeGenerator.java:285)
	at org.mockito.internal.creation.bytebuddy.InlineBytecodeGenerator.mockClass(InlineBytecodeGenerator.java:218)
	at org.mockito.internal.creation.bytebuddy.TypeCachingBytecodeGenerator.lambda$mockClass$0(TypeCachingBytecodeGenerator.java:78)
	at net.bytebuddy.TypeCache.findOrInsert(TypeCache.java:168)
	at net.bytebuddy.TypeCache$WithInlineExpunction.findOrInsert(TypeCache.java:399)
	at net.bytebuddy.TypeCache.findOrInsert(TypeCache.java:190)
	at net.bytebuddy.TypeCache$WithInlineExpunction.findOrInsert(TypeCache.java:410)
	at org.mockito.internal.creation.bytebuddy.TypeCachingBytecodeGenerator.mockClass(TypeCachingBytecodeGenerator.java:75)
	at org.mockito.internal.creation.bytebuddy.InlineDelegateByteBuddyMockMaker.createMockType(InlineDelegateByteBuddyMockMaker.java:408)
	at org.mockito.internal.creation.bytebuddy.InlineDelegateByteBuddyMockMaker.doCreateMock(InlineDelegateByteBuddyMockMaker.java:367)
	at org.mockito.internal.creation.bytebuddy.InlineDelegateByteBuddyMockMaker.createMock(InlineDelegateByteBuddyMockMaker.java:346)
	at org.mockito.internal.creation.bytebuddy.InlineByteBuddyMockMaker.createMock(InlineByteBuddyMockMaker.java:56)
	at org.mockito.internal.util.MockUtil.createMock(MockUtil.java:99)
	at org.mockito.internal.MockitoCore.mock(MockitoCore.java:84)
	at org.mockito.Mockito.mock(Mockito.java:2162)
	at org.mockito.Mockito.mock(Mockito.java:2077)
	... 4 more
Caused by: java.lang.IllegalArgumentException: Java 25 (69) is not supported by the current version of Byte Buddy which officially supports Java 24 (68) - update Byte Buddy or set net.bytebuddy.experimental as a VM property
	at net.bytebuddy.utility.OpenedClassReader.of(OpenedClassReader.java:120)
	at net.bytebuddy.utility.OpenedClassReader.of(OpenedClassReader.java:95)
	at net.bytebuddy.utility.AsmClassReader$Factory$Default.make(AsmClassReader.java:82)
	at net.bytebuddy.dynamic.scaffold.TypeWriter$Default$ForInlining.create(TypeWriter.java:4031)
	at net.bytebuddy.dynamic.scaffold.TypeWriter$Default.make(TypeWriter.java:2246)
	at net.bytebuddy.dynamic.DynamicType$Builder$AbstractBase$UsingTypeWriter.make(DynamicType.java:4085)
	at net.bytebuddy.dynamic.DynamicType$Builder$AbstractBase.make(DynamicType.java:3769)
	at org.mockito.internal.creation.bytebuddy.InlineBytecodeGenerator.transform(InlineBytecodeGenerator.java:402)
	at java.instrument/java.lang.instrument.ClassFileTransformer.transform(ClassFileTransformer.java:257)
	at java.instrument/sun.instrument.TransformerManager.transform(TransformerManager.java:188)
	at java.instrument/sun.instrument.InstrumentationImpl.transform(InstrumentationImpl.java:594)
	at java.instrument/sun.instrument.InstrumentationImpl.retransformClasses0(Native Method)
	at java.instrument/sun.instrument.InstrumentationImpl.retransformClasses(InstrumentationImpl.java:221)
	at org.mockito.internal.creation.bytebuddy.InlineBytecodeGenerator.triggerRetransformation(InlineBytecodeGenerator.java:281)
	... 19 more
]]></error>
  </testcase>
</testsuite>