<?xml version="1.0" encoding="UTF-8"?>
<testsuite xmlns:xsi="http://www.w3.org/2001/XMLSchema-instance" xsi:noNamespaceSchemaLocation="https://maven.apache.org/surefire/maven-surefire-plugin/xsd/surefire-test-report.xsd" version="3.0.2" name="io.echelon.governance.token.DeonticTokenTest" time="0.008" tests="7" errors="0" skipped="0" failures="0">
  <properties>
[...]
</properties>
  <testcase name="embargoRecordHasCorrectFields" classname="io.echelon.governance.token.DeonticTokenTest" time="0.001"/>
  <testcase name="evaluationResultAllowCreated" classname="io.echelon.governance.token.DeonticTokenTest" time="0.004"/>
  <testcase name="tokenActionRecordIsCreated" classname="io.echelon.governance.token.DeonticTokenTest" time="0.0"/>
  <testcase name="permitRecordHasCorrectFields" classname="io.echelon.governance.token.DeonticTokenTest" time="0.0"/>
  <testcase name="burdenRecordHasCorrectFields" classname="io.echelon.governance.token.DeonticTokenTest" time="0.001"/>
  <testcase name="evaluationResultDenyCreated" classname="io.echelon.governance.token.DeonticTokenTest" time="0.0"/>
  <testcase name="sealedInterfaceCannotBeExtendedOutside" classname="io.echelon.governance.token.DeonticTokenTest" time="0.001"/>
</testsuite>